0 info it worked if it ends with ok
1 verbose cli [ 'C:\\Program Files\\nodejs\\node.exe',
1 verbose cli   'C:\\Program Files\\nodejs\\node_modules\\npm\\bin\\npm-cli.js',
1 verbose cli   'start' ]
2 info using npm@3.9.5
3 info using node@v6.2.2
4 verbose run-script [ 'prestart', 'start', 'poststart' ]
5 info lifecycle restmysql@1.0.0~prestart: restmysql@1.0.0
6 silly lifecycle restmysql@1.0.0~prestart: no script for prestart, continuing
7 info lifecycle restmysql@1.0.0~start: restmysql@1.0.0
8 verbose lifecycle restmysql@1.0.0~start: unsafe-perm in lifecycle true
9 verbose lifecycle restmysql@1.0.0~start: PATH: C:\Program Files\nodejs\node_modules\npm\bin\node-gyp-bin;C:\Users\sebastian.higuita\WebstormProjects\restMySQL\node_modules\.bin;C:\Program Files\nodejs;C:\ProgramData\Oracle\Java\javapath;D:\Oracle\oracle11g\bin;C:\WINDOWS\system32;C:\WINDOWS;C:\WINDOWS\System32\Wbem;C:\WINDOWS\System32\WindowsPowerShell\v1.0\;C:\Program Files\TortoiseSVN\bin;C:\Program Files\Java\jdk1.7.0_65\bin/bin;C:\HashiCorp\Vagrant\bin;C:\Python27;D:\apache-maven-3.0.4\bin;C:\xampp\php;C:\ProgramData\ComposerSetup\bin;C:\Program Files (x86)\Skype\Phone\;C:\Go\bin;C:\Program Files\nodejs\;C:\Users\sebastian.higuita\bin\Sencha\Cmd\6.1.2.15/..;C:\RailsInstaller\Git\cmd;C:\RailsInstaller\Ruby2.2.0\bin;C:\Users\sebastian.higuita\AppData\Local\atom\bin;C:\Program Files\Docker Toolbox;C:\Users\sebastian.higuita\AppData\Roaming\Composer\vendor\bin;C:\Program Files (x86)\Microsoft VS Code\bin;C:\Users\sebastian.higuita\AppData\Roaming\npm
10 verbose lifecycle restmysql@1.0.0~start: CWD: C:\Users\sebastian.higuita\WebstormProjects\restMySQL
11 silly lifecycle restmysql@1.0.0~start: Args: [ '/d /s /c', 'node Server.js' ]
12 silly lifecycle restmysql@1.0.0~start: Returned: code: 1  signal: null
13 info lifecycle restmysql@1.0.0~start: Failed to exec start script
14 verbose stack Error: restmysql@1.0.0 start: `node Server.js`
14 verbose stack Exit status 1
14 verbose stack     at EventEmitter.<anonymous> (C:\Program Files\nodejs\node_modules\npm\lib\utils\lifecycle.js:245:16)
14 verbose stack     at emitTwo (events.js:106:13)
14 verbose stack     at EventEmitter.emit (events.js:191:7)
14 verbose stack     at ChildProcess.<anonymous> (C:\Program Files\nodejs\node_modules\npm\lib\utils\spawn.js:24:14)
14 verbose stack     at emitTwo (events.js:106:13)
14 verbose stack     at ChildProcess.emit (events.js:191:7)
14 verbose stack     at maybeClose (internal/child_process.js:852:16)
14 verbose stack     at Process.ChildProcess._handle.onexit (internal/child_process.js:215:5)
15 verbose pkgid restmysql@1.0.0
16 verbose cwd C:\Users\sebastian.higuita\WebstormProjects\restMySQL
17 error Windows_NT 10.0.10586
18 error argv "C:\\Program Files\\nodejs\\node.exe" "C:\\Program Files\\nodejs\\node_modules\\npm\\bin\\npm-cli.js" "start"
19 error node v6.2.2
20 error npm  v3.9.5
21 error code ELIFECYCLE
22 error restmysql@1.0.0 start: `node Server.js`
22 error Exit status 1
23 error Failed at the restmysql@1.0.0 start script 'node Server.js'.
23 error Make sure you have the latest version of node.js and npm installed.
23 error If you do, this is most likely a problem with the restmysql package,
23 error not with npm itself.
23 error Tell the author that this fails on your system:
23 error     node Server.js
23 error You can get information on how to open an issue for this project with:
23 error     npm bugs restmysql
23 error Or if that isn't available, you can get their info via:
23 error     npm owner ls restmysql
23 error There is likely additional logging output above.
24 verbose exit [ 1, true ]
